The target system is: PICO -  - cortex-m0plus
The host system is: Windows - 10.0.22621 - AMD64
Compiling the C compiler identification source file "CMakeCCompilerId.c" succeeded.
Compiler: C:/Program Files (x86)/Arm GNU Toolchain arm-none-eabi/12.2 rel1/bin/arm-none-eabi-gcc.exe 
Build flags: ;-mcpu=cortex-m0plus;-mthumb
Id flags: -c 

The output was:
0


Compilation of the C compiler identification source "CMakeCCompilerId.c" produced "CMakeCCompilerId.o"

The C compiler identification is GNU, found in "C:/Users/Manab Kumar Biswas/pico-apps/tools/picoprobe/build/CMakeFiles/3.24.202208181-MSVC_2/CompilerIdC/CMakeCCompilerId.o"

Compiling the CXX compiler identification source file "CMakeCXXCompilerId.cpp" succeeded.
Compiler: C:/Program Files (x86)/Arm GNU Toolchain arm-none-eabi/12.2 rel1/bin/arm-none-eabi-g++.exe 
Build flags: ;-mcpu=cortex-m0plus;-mthumb
Id flags: -c 

The output was:
0


Compilation of the CXX compiler identification source "CMakeCXXCompilerId.cpp" produced "CMakeCXXCompilerId.o"

The CXX compiler identification is GNU, found in "C:/Users/Manab Kumar Biswas/pico-apps/tools/picoprobe/build/CMakeFiles/3.24.202208181-MSVC_2/CompilerIdCXX/CMakeCXXCompilerId.o"

Checking whether the ASM compiler is GNU using "--version" matched "(GNU assembler)|(GCC)|(Free Software Foundation)":
arm-none-eabi-gcc.exe (Arm GNU Toolchain 12.2.Rel1 (Build arm-12.24)) 12.2.1 20221205
Copyright (C) 2022 Free Software Foundation, Inc.
This is free software; see the source for copying conditions.  There is NO
warranty; not even for MERCHANTABILITY or FITNESS FOR A PARTICULAR PURPOSE.

The target system is: PICO -  - cortex-m0plus
The host system is: Windows - 10.0.22621 - AMD64
Compiling the C compiler identification source file "CMakeCCompilerId.c" succeeded.
Compiler: C:/Program Files (x86)/Arm GNU Toolchain arm-none-eabi/12.2 rel1/bin/arm-none-eabi-gcc.exe 
Build flags: -mcpu=cortex-m0plus;-mthumb
Id flags: -c 

The output was:
0


Compilation of the C compiler identification source "CMakeCCompilerId.c" produced "CMakeCCompilerId.o"

The C compiler identification is GNU, found in "C:/Users/Manab Kumar Biswas/pico-apps/tools/picoprobe/build/CMakeFiles/3.25.2/CompilerIdC/CMakeCCompilerId.o"

Compiling the CXX compiler identification source file "CMakeCXXCompilerId.cpp" succeeded.
Compiler: C:/Program Files (x86)/Arm GNU Toolchain arm-none-eabi/12.2 rel1/bin/arm-none-eabi-g++.exe 
Build flags: -mcpu=cortex-m0plus;-mthumb
Id flags: -c 

The output was:
0


Compilation of the CXX compiler identification source "CMakeCXXCompilerId.cpp" produced "CMakeCXXCompilerId.o"

The CXX compiler identification is GNU, found in "C:/Users/Manab Kumar Biswas/pico-apps/tools/picoprobe/build/CMakeFiles/3.25.2/CompilerIdCXX/CMakeCXXCompilerId.o"

Checking whether the ASM compiler is GNU using "--version" matched "(GNU assembler)|(GCC)|(Free Software Foundation)":
arm-none-eabi-gcc.exe (Arm GNU Toolchain 12.2.Rel1 (Build arm-12.24)) 12.2.1 20221205
Copyright (C) 2022 Free Software Foundation, Inc.
This is free software; see the source for copying conditions.  There is NO
warranty; not even for MERCHANTABILITY or FITNESS FOR A PARTICULAR PURPOSE.

